[2022-10-20 19:23:27.746 INFO][GameServer]start server in 8081 - [main]
[2022-10-20 19:31:08.301 WARN][ServerHandler]channelActive - [socketWork-2-1]
[2022-10-20 19:31:32.558 WARN][ServerHandler]channelInactive - [socketWork-2-1]
[2022-10-20 19:34:32.057 WARN][ServerHandler]channelActive - [socketWork-2-2]
[2022-10-20 19:36:28.474 WARN][ServerHandler]channelInactive - [socketWork-2-2]
[2022-10-20 19:36:33.537 WARN][ServerHandler]channelActive - [socketWork-2-3]
[2022-10-20 19:37:10.167 WARN][ServerHandler]channelInactive - [socketWork-2-3]
[2022-10-20 19:39:00.458 WARN][ServerHandler]channelActive - [socketWork-2-4]
[2022-10-20 19:39:58.385 INFO][GameServer]start server in 8081 - [main]
[2022-10-20 19:40:14.118 WARN][ServerHandler]channelActive - [socketWork-2-1]
[2022-10-20 19:40:21.734 WARN][ServerHandler]channelInactive - [socketWork-2-1]
[2022-10-20 19:46:02.230 WARN][ServerHandler]channelActive - [socketWork-2-2]
[2022-10-20 19:46:07.507 WARN][ServerHandler]channelInactive - [socketWork-2-2]
[2022-10-20 19:46:10.673 WARN][ServerHandler]channelActive - [socketWork-2-3]
[2022-10-20 19:46:17.209 WARN][ServerHandler]channelInactive - [socketWork-2-3]
[2022-10-20 19:46:45.906 WARN][ServerHandler]channelActive - [socketWork-2-4]
[2022-10-20 19:46:58.846 INFO][GameServer]start server in 8081 - [main]
[2022-10-20 19:47:04.602 WARN][ServerHandler]channelActive - [socketWork-2-1]
[2022-10-20 19:51:42.173 WARN][ServerHandler]channelInactive - [socketWork-2-1]
[2022-10-20 19:51:59.916 WARN][ServerHandler]channelActive - [socketWork-2-2]
[2022-10-20 19:52:23.693 WARN][ServerHandler]channelInactive - [socketWork-2-2]
[2022-10-20 19:52:26.691 WARN][ServerHandler]channelActive - [socketWork-2-3]
[2022-10-20 19:57:26.708 WARN][ServerHandler]userEventTriggered - [socketWork-2-3]
[2022-10-20 19:58:38.451 WARN][ServerHandler]channelInactive - [socketWork-2-3]
[2022-10-20 19:59:31.012 WARN][ServerHandler]channelActive - [socketWork-2-4]
[2022-10-20 20:03:43.236 WARN][ServerHandler]channelInactive - [socketWork-2-4]
[2022-10-20 20:03:47.525 WARN][ServerHandler]channelActive - [socketWork-2-1]
[2022-10-20 20:03:59.259 WARN][ServerHandler]channelInactive - [socketWork-2-1]
[2022-10-20 20:04:02.419 WARN][ServerHandler]channelActive - [socketWork-2-2]
[2022-10-20 20:05:46.872 INFO][GameServer]start server in 8081 - [main]
[2022-10-20 20:05:51.896 WARN][ServerHandler]channelActive - [socketWork-2-1]
[2022-10-20 20:06:05.535 WARN][ServerHandler]channelInactive - [socketWork-2-1]
[2022-10-20 20:06:07.861 WARN][ServerHandler]channelActive - [socketWork-2-2]
[2022-10-20 20:07:15.345 WARN][ServerHandler]channelInactive - [socketWork-2-2]
[2022-10-20 20:07:18.381 WARN][ServerHandler]channelActive - [socketWork-2-3]
[2022-10-20 20:07:41.200 INFO][GameServer]start server in 8081 - [main]
[2022-10-20 20:07:58.775 WARN][ServerHandler]channelActive - [socketWork-2-1]
[2022-10-20 20:09:50.643 WARN][ServerHandler]channelInactive - [socketWork-2-1]
[2022-10-20 20:09:54.786 WARN][ServerHandler]channelActive - [socketWork-2-2]
[2022-10-20 20:11:00.412 INFO][GameServer]start server in 8081 - [main]
[2022-10-20 20:11:03.306 WARN][ServerHandler]channelActive - [socketWork-2-1]
[2022-10-20 20:11:21.785 WARN][ServerHandler]channelInactive - [socketWork-2-1]
[2022-10-20 20:11:35.847 INFO][GameServer]start server in 8081 - [main]
[2022-10-20 20:11:41.809 WARN][ServerHandler]channelActive - [socketWork-2-1]
[2022-10-20 20:13:33.441 INFO][GameServer]start server in 8081 - [main]
[2022-10-20 20:13:46.889 WARN][ServerHandler]channelActive - [socketWork-2-1]
[2022-10-20 20:13:51.090 WARN][DefaultChannelPipeline]An exceptionCaught() event was fired, and it reached at the tail of the pipeline. It usually means the last handler in the pipeline did not handle the exception. - [socketWork-2-1]
java.lang.NullPointerException
	at game.scene.SceneManager.enterScene(SceneManager.java:52) ~[classes/:?]
	at game.server.MessageDispatcher.disPatchMsg(MessageDispatcher.java:26) ~[classes/:?]
	at game.server.ServerHandler.channelRead(ServerHandler.java:30) ~[classes/:?]
	at io.netty.channel.AbstractChannelHandlerContext.invokeChannelRead(AbstractChannelHandlerContext.java:379) ~[netty-transport-4.1.75.Final.jar:4.1.75.Final]
	at io.netty.channel.AbstractChannelHandlerContext.invokeChannelRead(AbstractChannelHandlerContext.java:365) ~[netty-transport-4.1.75.Final.jar:4.1.75.Final]
	at io.netty.channel.AbstractChannelHandlerContext.fireChannelRead(AbstractChannelHandlerContext.java:357) ~[netty-transport-4.1.75.Final.jar:4.1.75.Final]
	at io.netty.handler.codec.ByteToMessageDecoder.fireChannelRead(ByteToMessageDecoder.java:327) ~[netty-codec-4.1.75.Final.jar:4.1.75.Final]
	at io.netty.handler.codec.ByteToMessageDecoder.channelRead(ByteToMessageDecoder.java:299) ~[netty-codec-4.1.75.Final.jar:4.1.75.Final]
	at io.netty.channel.AbstractChannelHandlerContext.invokeChannelRead(AbstractChannelHandlerContext.java:379) ~[netty-transport-4.1.75.Final.jar:4.1.75.Final]
	at io.netty.channel.AbstractChannelHandlerContext.invokeChannelRead(AbstractChannelHandlerContext.java:365) ~[netty-transport-4.1.75.Final.jar:4.1.75.Final]
	at io.netty.channel.AbstractChannelHandlerContext.fireChannelRead(AbstractChannelHandlerContext.java:357) ~[netty-transport-4.1.75.Final.jar:4.1.75.Final]
	at io.netty.handler.timeout.IdleStateHandler.channelRead(IdleStateHandler.java:286) ~[netty-handler-4.1.75.Final.jar:4.1.75.Final]
	at io.netty.channel.AbstractChannelHandlerContext.invokeChannelRead(AbstractChannelHandlerContext.java:379) ~[netty-transport-4.1.75.Final.jar:4.1.75.Final]
	at io.netty.channel.AbstractChannelHandlerContext.invokeChannelRead(AbstractChannelHandlerContext.java:365) ~[netty-transport-4.1.75.Final.jar:4.1.75.Final]
	at io.netty.channel.AbstractChannelHandlerContext.fireChannelRead(AbstractChannelHandlerContext.java:357) ~[netty-transport-4.1.75.Final.jar:4.1.75.Final]
	at io.netty.channel.DefaultChannelPipeline$HeadContext.channelRead(DefaultChannelPipeline.java:1410) ~[netty-transport-4.1.75.Final.jar:4.1.75.Final]
	at io.netty.channel.AbstractChannelHandlerContext.invokeChannelRead(AbstractChannelHandlerContext.java:379) ~[netty-transport-4.1.75.Final.jar:4.1.75.Final]
	at io.netty.channel.AbstractChannelHandlerContext.invokeChannelRead(AbstractChannelHandlerContext.java:365) ~[netty-transport-4.1.75.Final.jar:4.1.75.Final]
	at io.netty.channel.DefaultChannelPipeline.fireChannelRead(DefaultChannelPipeline.java:919) ~[netty-transport-4.1.75.Final.jar:4.1.75.Final]
	at io.netty.channel.nio.AbstractNioByteChannel$NioByteUnsafe.read(AbstractNioByteChannel.java:166) ~[netty-transport-4.1.75.Final.jar:4.1.75.Final]
	at io.netty.channel.nio.NioEventLoop.processSelectedKey(NioEventLoop.java:722) ~[netty-transport-4.1.75.Final.jar:4.1.75.Final]
	at io.netty.channel.nio.NioEventLoop.processSelectedKeysOptimized(NioEventLoop.java:658) ~[netty-transport-4.1.75.Final.jar:4.1.75.Final]
	at io.netty.channel.nio.NioEventLoop.processSelectedKeys(NioEventLoop.java:584) ~[netty-transport-4.1.75.Final.jar:4.1.75.Final]
	at io.netty.channel.nio.NioEventLoop.run(NioEventLoop.java:496) ~[netty-transport-4.1.75.Final.jar:4.1.75.Final]
	at io.netty.util.concurrent.SingleThreadEventExecutor$4.run(SingleThreadEventExecutor.java:986) ~[netty-common-4.1.75.Final.jar:4.1.75.Final]
	at io.netty.util.internal.ThreadExecutorMap$2.run(ThreadExecutorMap.java:74) ~[netty-common-4.1.75.Final.jar:4.1.75.Final]
	at io.netty.util.concurrent.FastThreadLocalRunnable.run(FastThreadLocalRunnable.java:30) ~[netty-common-4.1.75.Final.jar:4.1.75.Final]
	at java.lang.Thread.run(Thread.java:748) [?:1.8.0_211]
[2022-10-20 20:14:20.938 WARN][DefaultChannelPipeline]An exceptionCaught() event was fired, and it reached at the tail of the pipeline. It usually means the last handler in the pipeline did not handle the exception. - [socketWork-2-1]
java.io.IOException: 远程主机强迫关闭了一个现有的连接。
	at sun.nio.ch.SocketDispatcher.read0(Native Method) ~[?:1.8.0_211]
	at sun.nio.ch.SocketDispatcher.read(SocketDispatcher.java:43) ~[?:1.8.0_211]
	at sun.nio.ch.IOUtil.readIntoNativeBuffer(IOUtil.java:223) ~[?:1.8.0_211]
	at sun.nio.ch.IOUtil.read(IOUtil.java:192) ~[?:1.8.0_211]
	at sun.nio.ch.SocketChannelImpl.read(SocketChannelImpl.java:380) ~[?:1.8.0_211]
	at io.netty.buffer.PooledByteBuf.setBytes(PooledByteBuf.java:258) ~[netty-buffer-4.1.75.Final.jar:4.1.75.Final]
	at io.netty.buffer.AbstractByteBuf.writeBytes(AbstractByteBuf.java:1132) ~[netty-buffer-4.1.75.Final.jar:4.1.75.Final]
	at io.netty.channel.socket.nio.NioSocketChannel.doReadBytes(NioSocketChannel.java:350) ~[netty-transport-4.1.75.Final.jar:4.1.75.Final]
	at io.netty.channel.nio.AbstractNioByteChannel$NioByteUnsafe.read(AbstractNioByteChannel.java:151) ~[netty-transport-4.1.75.Final.jar:4.1.75.Final]
	at io.netty.channel.nio.NioEventLoop.processSelectedKey(NioEventLoop.java:722) ~[netty-transport-4.1.75.Final.jar:4.1.75.Final]
	at io.netty.channel.nio.NioEventLoop.processSelectedKeysOptimized(NioEventLoop.java:658) ~[netty-transport-4.1.75.Final.jar:4.1.75.Final]
	at io.netty.channel.nio.NioEventLoop.processSelectedKeys(NioEventLoop.java:584) ~[netty-transport-4.1.75.Final.jar:4.1.75.Final]
	at io.netty.channel.nio.NioEventLoop.run(NioEventLoop.java:496) ~[netty-transport-4.1.75.Final.jar:4.1.75.Final]
	at io.netty.util.concurrent.SingleThreadEventExecutor$4.run(SingleThreadEventExecutor.java:986) ~[netty-common-4.1.75.Final.jar:4.1.75.Final]
	at io.netty.util.internal.ThreadExecutorMap$2.run(ThreadExecutorMap.java:74) ~[netty-common-4.1.75.Final.jar:4.1.75.Final]
	at io.netty.util.concurrent.FastThreadLocalRunnable.run(FastThreadLocalRunnable.java:30) ~[netty-common-4.1.75.Final.jar:4.1.75.Final]
	at java.lang.Thread.run(Thread.java:748) [?:1.8.0_211]
[2022-10-20 20:14:20.939 WARN][ServerHandler]channelInactive - [socketWork-2-1]
[2022-10-20 20:14:24.258 WARN][ServerHandler]channelActive - [socketWork-2-2]
[2022-10-20 20:14:52.859 WARN][DefaultChannelPipeline]An exceptionCaught() event was fired, and it reached at the tail of the pipeline. It usually means the last handler in the pipeline did not handle the exception. - [socketWork-2-2]
java.lang.NullPointerException
	at game.scene.SceneManager.enterScene(SceneManager.java:52) ~[classes/:?]
	at game.server.MessageDispatcher.disPatchMsg(MessageDispatcher.java:26) ~[classes/:?]
	at game.server.ServerHandler.channelRead(ServerHandler.java:30) ~[classes/:?]
	at io.netty.channel.AbstractChannelHandlerContext.invokeChannelRead(AbstractChannelHandlerContext.java:379) ~[netty-transport-4.1.75.Final.jar:4.1.75.Final]
	at io.netty.channel.AbstractChannelHandlerContext.invokeChannelRead(AbstractChannelHandlerContext.java:365) ~[netty-transport-4.1.75.Final.jar:4.1.75.Final]
	at io.netty.channel.AbstractChannelHandlerContext.fireChannelRead(AbstractChannelHandlerContext.java:357) ~[netty-transport-4.1.75.Final.jar:4.1.75.Final]
	at io.netty.handler.codec.ByteToMessageDecoder.fireChannelRead(ByteToMessageDecoder.java:327) ~[netty-codec-4.1.75.Final.jar:4.1.75.Final]
	at io.netty.handler.codec.ByteToMessageDecoder.channelRead(ByteToMessageDecoder.java:299) ~[netty-codec-4.1.75.Final.jar:4.1.75.Final]
	at io.netty.channel.AbstractChannelHandlerContext.invokeChannelRead(AbstractChannelHandlerContext.java:379) ~[netty-transport-4.1.75.Final.jar:4.1.75.Final]
	at io.netty.channel.AbstractChannelHandlerContext.invokeChannelRead(AbstractChannelHandlerContext.java:365) ~[netty-transport-4.1.75.Final.jar:4.1.75.Final]
	at io.netty.channel.AbstractChannelHandlerContext.fireChannelRead(AbstractChannelHandlerContext.java:357) ~[netty-transport-4.1.75.Final.jar:4.1.75.Final]
	at io.netty.handler.timeout.IdleStateHandler.channelRead(IdleStateHandler.java:286) ~[netty-handler-4.1.75.Final.jar:4.1.75.Final]
	at io.netty.channel.AbstractChannelHandlerContext.invokeChannelRead(AbstractChannelHandlerContext.java:379) ~[netty-transport-4.1.75.Final.jar:4.1.75.Final]
	at io.netty.channel.AbstractChannelHandlerContext.invokeChannelRead(AbstractChannelHandlerContext.java:365) ~[netty-transport-4.1.75.Final.jar:4.1.75.Final]
	at io.netty.channel.AbstractChannelHandlerContext.fireChannelRead(AbstractChannelHandlerContext.java:357) ~[netty-transport-4.1.75.Final.jar:4.1.75.Final]
	at io.netty.channel.DefaultChannelPipeline$HeadContext.channelRead(DefaultChannelPipeline.java:1410) ~[netty-transport-4.1.75.Final.jar:4.1.75.Final]
	at io.netty.channel.AbstractChannelHandlerContext.invokeChannelRead(AbstractChannelHandlerContext.java:379) ~[netty-transport-4.1.75.Final.jar:4.1.75.Final]
	at io.netty.channel.AbstractChannelHandlerContext.invokeChannelRead(AbstractChannelHandlerContext.java:365) ~[netty-transport-4.1.75.Final.jar:4.1.75.Final]
	at io.netty.channel.DefaultChannelPipeline.fireChannelRead(DefaultChannelPipeline.java:919) ~[netty-transport-4.1.75.Final.jar:4.1.75.Final]
	at io.netty.channel.nio.AbstractNioByteChannel$NioByteUnsafe.read(AbstractNioByteChannel.java:166) ~[netty-transport-4.1.75.Final.jar:4.1.75.Final]
	at io.netty.channel.nio.NioEventLoop.processSelectedKey(NioEventLoop.java:722) ~[netty-transport-4.1.75.Final.jar:4.1.75.Final]
	at io.netty.channel.nio.NioEventLoop.processSelectedKeysOptimized(NioEventLoop.java:658) ~[netty-transport-4.1.75.Final.jar:4.1.75.Final]
	at io.netty.channel.nio.NioEventLoop.processSelectedKeys(NioEventLoop.java:584) ~[netty-transport-4.1.75.Final.jar:4.1.75.Final]
	at io.netty.channel.nio.NioEventLoop.run(NioEventLoop.java:496) ~[netty-transport-4.1.75.Final.jar:4.1.75.Final]
	at io.netty.util.concurrent.SingleThreadEventExecutor$4.run(SingleThreadEventExecutor.java:986) ~[netty-common-4.1.75.Final.jar:4.1.75.Final]
	at io.netty.util.internal.ThreadExecutorMap$2.run(ThreadExecutorMap.java:74) ~[netty-common-4.1.75.Final.jar:4.1.75.Final]
	at io.netty.util.concurrent.FastThreadLocalRunnable.run(FastThreadLocalRunnable.java:30) ~[netty-common-4.1.75.Final.jar:4.1.75.Final]
	at java.lang.Thread.run(Thread.java:748) [?:1.8.0_211]
[2022-10-20 20:14:59.305 WARN][DefaultChannelPipeline]An exceptionCaught() event was fired, and it reached at the tail of the pipeline. It usually means the last handler in the pipeline did not handle the exception. - [socketWork-2-2]
java.io.IOException: 远程主机强迫关闭了一个现有的连接。
	at sun.nio.ch.SocketDispatcher.read0(Native Method) ~[?:1.8.0_211]
	at sun.nio.ch.SocketDispatcher.read(SocketDispatcher.java:43) ~[?:1.8.0_211]
	at sun.nio.ch.IOUtil.readIntoNativeBuffer(IOUtil.java:223) ~[?:1.8.0_211]
	at sun.nio.ch.IOUtil.read(IOUtil.java:192) ~[?:1.8.0_211]
	at sun.nio.ch.SocketChannelImpl.read(SocketChannelImpl.java:380) ~[?:1.8.0_211]
	at io.netty.buffer.PooledByteBuf.setBytes(PooledByteBuf.java:258) ~[netty-buffer-4.1.75.Final.jar:4.1.75.Final]
	at io.netty.buffer.AbstractByteBuf.writeBytes(AbstractByteBuf.java:1132) ~[netty-buffer-4.1.75.Final.jar:4.1.75.Final]
	at io.netty.channel.socket.nio.NioSocketChannel.doReadBytes(NioSocketChannel.java:350) ~[netty-transport-4.1.75.Final.jar:4.1.75.Final]
	at io.netty.channel.nio.AbstractNioByteChannel$NioByteUnsafe.read(AbstractNioByteChannel.java:151) ~[netty-transport-4.1.75.Final.jar:4.1.75.Final]
	at io.netty.channel.nio.NioEventLoop.processSelectedKey(NioEventLoop.java:722) ~[netty-transport-4.1.75.Final.jar:4.1.75.Final]
	at io.netty.channel.nio.NioEventLoop.processSelectedKeysOptimized(NioEventLoop.java:658) ~[netty-transport-4.1.75.Final.jar:4.1.75.Final]
	at io.netty.channel.nio.NioEventLoop.processSelectedKeys(NioEventLoop.java:584) ~[netty-transport-4.1.75.Final.jar:4.1.75.Final]
	at io.netty.channel.nio.NioEventLoop.run(NioEventLoop.java:496) ~[netty-transport-4.1.75.Final.jar:4.1.75.Final]
	at io.netty.util.concurrent.SingleThreadEventExecutor$4.run(SingleThreadEventExecutor.java:986) ~[netty-common-4.1.75.Final.jar:4.1.75.Final]
	at io.netty.util.internal.ThreadExecutorMap$2.run(ThreadExecutorMap.java:74) ~[netty-common-4.1.75.Final.jar:4.1.75.Final]
	at io.netty.util.concurrent.FastThreadLocalRunnable.run(FastThreadLocalRunnable.java:30) ~[netty-common-4.1.75.Final.jar:4.1.75.Final]
	at java.lang.Thread.run(Thread.java:748) [?:1.8.0_211]
[2022-10-20 20:14:59.305 WARN][ServerHandler]channelInactive - [socketWork-2-2]
[2022-10-20 20:15:02.196 WARN][ServerHandler]channelActive - [socketWork-2-3]
[2022-10-20 20:16:32.110 INFO][GameServer]start server in 8081 - [main]
[2022-10-20 20:16:38.506 WARN][ServerHandler]channelActive - [socketWork-2-1]
